[00:38:32] [Server thread/INFO]: Starting minecraft server version 1.8.4
[00:38:32] [Server thread/INFO]: Loading properties
[00:38:32] [Server console handler/ERROR]: Exception handling console input
java.io.IOException: ÉnÉìÉhÉãÇ™ñ≥å¯Ç≈Ç∑ÅB
	at java.io.FileInputStream.readBytes(Native Method) ~[?:1.8.0_45]
	at java.io.FileInputStream.read(Unknown Source) ~[?:1.8.0_45]
	at java.io.BufferedInputStream.read1(Unknown Source) ~[?:1.8.0_45]
	at java.io.BufferedInputStream.read(Unknown Source) ~[?:1.8.0_45]
	at sun.nio.cs.StreamDecoder.readBytes(Unknown Source) ~[?:1.8.0_45]
	at sun.nio.cs.StreamDecoder.implRead(Unknown Source) ~[?:1.8.0_45]
	at sun.nio.cs.StreamDecoder.read(Unknown Source) ~[?:1.8.0_45]
	at java.io.InputStreamReader.read(Unknown Source) ~[?:1.8.0_45]
	at java.io.BufferedReader.fill(Unknown Source) ~[?:1.8.0_45]
	at java.io.BufferedReader.readLine(Unknown Source) ~[?:1.8.0_45]
	at java.io.BufferedReader.readLine(Unknown Source) ~[?:1.8.0_45]
	at ko$2.run(SourceFile:81) [minecraft_server.1.8.4.exe:?]
[00:38:32] [Server thread/INFO]: Default game type: SURVIVAL
[00:38:32] [Server thread/INFO]: Generating keypair
[00:38:32] [Server thread/INFO]: Starting Minecraft server on *:25565
[00:38:32] [Server thread/INFO]: Using default channel type
[00:38:32] [Server thread/INFO]: Preparing level "Kishido"
[00:38:32] [Server thread/INFO]: Preparing start region for level 0
[00:38:33] [Server thread/INFO]: Preparing spawn area: 99%
[00:38:33] [Server thread/INFO]: Done (1.090s)! For help, type "help" or "?"
